<?xml version="1.0" encoding="UTF-8"?>
<!-- Generated by org.testng.reporters.JUnitReportReporter -->
<testsuite hostname="DESKTOP-KTP89RH" failures="0" tests="3" name="tests.Tests" time="45.117" errors="0" timestamp="2023-12-30T12:10:59 CET" skipped="0">
  <testcase classname="tests.Tests" name="pruebaUno" time="13.249"/>
  <testcase classname="tests.Tests" name="testCantFields" time="10.407"/>
  <testcase classname="tests.Tests" name="pruebaDos" time="21.461"/>
</testsuite> <!-- tests.Tests -->
